[2023-06-17 13:42:57] development.ERROR: XML file does not exist!  
[2023-06-17 13:46:49] development.INFO: 3449 products are saved in mongodb successfully.  
[2023-06-17 14:42:23] development.ERROR: Collection qna.products already exists. {"exception":"[object] (MongoDB\\Driver\\Exception\\CommandException(code: 48): Collection qna.products already exists. at /Users/naeemasghar/personal/task-xml/task-xml/vendor/mongodb/mongodb/src/Operation/CreateCollection.php:273)
[stacktrace]
#0 /Users/naeemasghar/personal/task-xml/task-xml/vendor/mongodb/mongodb/src/Operation/CreateCollection.php(273): MongoDB\\Driver\\Server->executeWriteCommand('qna', Object(MongoDB\\Driver\\Command), Array)
#1 /Users/naeemasghar/personal/task-xml/task-xml/vendor/mongodb/mongodb/src/Database.php(294): MongoDB\\Operation\\CreateCollection->execute(Object(MongoDB\\Driver\\Server))
#2 /Users/naeemasghar/personal/task-xml/task-xml/vendor/jenssegers/mongodb/src/Schema/Blueprint.php(259): MongoDB\\Database->createCollection('products', Array)
#3 /Users/naeemasghar/personal/task-xml/task-xml/vendor/jenssegers/mongodb/src/Schema/Builder.php(83): Jenssegers\\Mongodb\\Schema\\Blueprint->create(Array)
#4 /Users/naeemasghar/personal/task-xml/task-xml/vendor/illuminate/support/Facades/Facade.php(353): Jenssegers\\Mongodb\\Schema\\Builder->create('products', Object(Closure))
#5 /Users/naeemasghar/personal/task-xml/task-xml/database/migrations/2023_06_16_223736_create_products_table.php(14): Illuminate\\Support\\Facades\\Facade::__callStatic('create', Array)
#6 /Users/naeemasghar/personal/task-xml/task-xml/vendor/illuminate/database/Migrations/Migrator.php(493): Illuminate\\Database\\Migrations\\Migration@anonymous->up()
#7 /Users/naeemasghar/personal/task-xml/task-xml/vendor/illuminate/database/Migrations/Migrator.php(410): Illuminate\\Database\\Migrations\\Migrator->runMethod(Object(Jenssegers\\Mongodb\\Connection), Object(Illuminate\\Database\\Migrations\\Migration@anonymous), 'up')
#8 /Users/naeemasghar/personal/task-xml/task-xml/vendor/illuminate/database/Migrations/Migrator.php(419): Illuminate\\Database\\Migrations\\Migrator->Illuminate\\Database\\Migrations\\{closure}()
#9 /Users/naeemasghar/personal/task-xml/task-xml/vendor/illuminate/database/Migrations/Migrator.php(216): Illuminate\\Database\\Migrations\\Migrator->runMigration(Object(Illuminate\\Database\\Migrations\\Migration@anonymous), 'up')
#10 /Users/naeemasghar/personal/task-xml/task-xml/vendor/illuminate/console/View/Components/Task.php(37): Illuminate\\Database\\Migrations\\Migrator->Illuminate\\Database\\Migrations\\{closure}()
#11 /Users/naeemasghar/personal/task-xml/task-xml/vendor/illuminate/database/Migrations/Migrator.php(756): Illuminate\\Console\\View\\Components\\Task->render('2023_06_16_2237...', Object(Closure))
#12 /Users/naeemasghar/personal/task-xml/task-xml/vendor/illuminate/database/Migrations/Migrator.php(216): Illuminate\\Database\\Migrations\\Migrator->write('Illuminate\\\\Cons...', '2023_06_16_2237...', Object(Closure))
#13 /Users/naeemasghar/personal/task-xml/task-xml/vendor/illuminate/database/Migrations/Migrator.php(181): Illuminate\\Database\\Migrations\\Migrator->runUp('/Users/naeemasg...', 1, false)
#14 /Users/naeemasghar/personal/task-xml/task-xml/vendor/illuminate/database/Migrations/Migrator.php(124): Illuminate\\Database\\Migrations\\Migrator->runPending(Array, Array)
#15 /Users/naeemasghar/personal/task-xml/task-xml/vendor/illuminate/database/Console/Migrations/MigrateCommand.php(88): Illuminate\\Database\\Migrations\\Migrator->run(Array, Array)
#16 /Users/naeemasghar/personal/task-xml/task-xml/vendor/illuminate/database/Migrations/Migrator.php(633): Illuminate\\Database\\Console\\Migrations\\MigrateCommand->Illuminate\\Database\\Console\\Migrations\\{closure}()
#17 /Users/naeemasghar/personal/task-xml/task-xml/vendor/illuminate/database/Console/Migrations/MigrateCommand.php(81): Illuminate\\Database\\Migrations\\Migrator->usingConnection(NULL, Object(Closure))
#18 /Users/naeemasghar/personal/task-xml/task-xml/vendor/illuminate/container/BoundMethod.php(36): Illuminate\\Database\\Console\\Migrations\\MigrateCommand->handle()
#19 /Users/naeemasghar/personal/task-xml/task-xml/vendor/illuminate/container/Util.php(41): Illuminate\\Container\\BoundMethod::Illuminate\\Container\\{closure}()
#20 /Users/naeemasghar/personal/task-xml/task-xml/vendor/illuminate/container/BoundMethod.php(93): Illuminate\\Container\\Util::unwrapIfClosure(Object(Closure))
#21 /Users/naeemasghar/personal/task-xml/task-xml/vendor/illuminate/container/BoundMethod.php(35): Illuminate\\Container\\BoundMethod::callBoundMethod(Object(LaravelZero\\Framework\\Application), Array, Object(Closure))
#22 /Users/naeemasghar/personal/task-xml/task-xml/vendor/illuminate/container/Container.php(662): Illuminate\\Container\\BoundMethod::call(Object(LaravelZero\\Framework\\Application), Array, Array, NULL)
#23 /Users/naeemasghar/personal/task-xml/task-xml/vendor/illuminate/console/Command.php(208): Illuminate\\Container\\Container->call(Array)
#24 /Users/naeemasghar/personal/task-xml/task-xml/vendor/symfony/console/Command/Command.php(326): Illuminate\\Console\\Command->execute(Object(Symfony\\Component\\Console\\Input\\ArgvInput), Object(Illuminate\\Console\\OutputStyle))
#25 /Users/naeemasghar/personal/task-xml/task-xml/vendor/illuminate/console/Command.php(177): Symfony\\Component\\Console\\Command\\Command->run(Object(Symfony\\Component\\Console\\Input\\ArgvInput), Object(Illuminate\\Console\\OutputStyle))
#26 /Users/naeemasghar/personal/task-xml/task-xml/vendor/symfony/console/Application.php(1081): Illuminate\\Console\\Command->run(Object(Symfony\\Component\\Console\\Input\\ArgvInput), Object(Symfony\\Component\\Console\\Output\\ConsoleOutput))
#27 /Users/naeemasghar/personal/task-xml/task-xml/vendor/symfony/console/Application.php(320): Symfony\\Component\\Console\\Application->doRunCommand(Object(Illuminate\\Database\\Console\\Migrations\\MigrateCommand), Object(Symfony\\Component\\Console\\Input\\ArgvInput), Object(Symfony\\Component\\Console\\Output\\ConsoleOutput))
#28 /Users/naeemasghar/personal/task-xml/task-xml/vendor/symfony/console/Application.php(174): Symfony\\Component\\Console\\Application->doRun(Object(Symfony\\Component\\Console\\Input\\ArgvInput), Object(Symfony\\Component\\Console\\Output\\ConsoleOutput))
#29 /Users/naeemasghar/personal/task-xml/task-xml/vendor/laravel-zero/foundation/src/Illuminate/Foundation/Console/Kernel.php(200): Symfony\\Component\\Console\\Application->run(Object(Symfony\\Component\\Console\\Input\\ArgvInput), Object(Symfony\\Component\\Console\\Output\\ConsoleOutput))
#30 /Users/naeemasghar/personal/task-xml/task-xml/vendor/laravel-zero/framework/src/Kernel.php(96): Illuminate\\Foundation\\Console\\Kernel->handle(Object(Symfony\\Component\\Console\\Input\\ArgvInput), Object(Symfony\\Component\\Console\\Output\\ConsoleOutput))
#31 /Users/naeemasghar/personal/task-xml/task-xml/qna(35): LaravelZero\\Framework\\Kernel->handle(Object(Symfony\\Component\\Console\\Input\\ArgvInput), Object(Symfony\\Component\\Console\\Output\\ConsoleOutput))
#32 {main}
"} 
[2023-06-17 14:57:56] development.INFO: 3449 products are saved in mongodb successfully.  
